# JRE version: Java(TM) SE Runtime Environment (8.0_181-b13) (build 1.8.0_181-b13)
# Java VM: Java HotSpot(TM) 64-Bit Server VM (25.181-b13 mixed mode windows-amd64 compressed oops)
Heap:
 PSYoungGen      total 44032K, used 26745K [0x00000000d5d00000, 0x00000000d9800000, 0x0000000100000000)
  eden space 35328K, 74% used [0x00000000d5d00000,0x00000000d76a9770,0x00000000d7f80000)
  from space 8704K, 5% used [0x00000000d8580000,0x00000000d85f5008,0x00000000d8e00000)
  to   space 6144K, 0% used [0x00000000d7f80000,0x00000000d7f80000,0x00000000d8580000)
 ParOldGen       total 87552K, used 8393K [0x0000000081600000, 0x0000000086b80000, 0x00000000d5d00000)
  object space 87552K, 9% used [0x0000000081600000,0x0000000081e32590,0x0000000086b80000)
 Metaspace       used 17261K, capacity 17736K, committed 17920K, reserved 1064960K
  class space    used 1833K, capacity 1968K, committed 2048K, reserved 1048576K
GC Heap History (10 events):
Event: 7.770 GC heap before
{Heap before GC invocations=18 (full 0):
 PSYoungGen      total 37888K, used 33268K [0x00000000d5d00000, 0x00000000d8e00000, 0x0000000100000000)
  eden space 32768K, 100% used [0x00000000d5d00000,0x00000000d7d00000,0x00000000d7d00000)
  from space 5120K, 9% used [0x00000000d7d80000,0x00000000d7dfd008,0x00000000d8280000)
  to   space 8704K, 0% used [0x00000000d8580000,0x00000000d8580000,0x00000000d8e00000)
 ParOldGen       total 87552K, used 8353K [0x0000000081600000, 0x0000000086b80000, 0x00000000d5d00000)
  object space 87552K, 9% used [0x0000000081600000,0x0000000081e28590,0x0000000086b80000)
 Metaspace       used 17198K, capacity 17664K, committed 17920K, reserved 1064960K
  class space    used 1833K, capacity 1968K, committed 2048K, reserved 1048576K
Event: 7.772 GC heap after
Heap after GC invocations=18 (full 0):
 PSYoungGen      total 41472K, used 820K [0x00000000d5d00000, 0x00000000d8e00000, 0x0000000100000000)
  eden space 32768K, 0% used [0x00000000d5d00000,0x00000000d5d00000,0x00000000d7d00000)
  from space 8704K, 9% used [0x00000000d8580000,0x00000000d864d018,0x00000000d8e00000)
  to   space 5120K, 0% used [0x00000000d7d80000,0x00000000d7d80000,0x00000000d8280000)
 ParOldGen       total 87552K, used 8361K [0x0000000081600000, 0x0000000086b80000, 0x00000000d5d00000)
  object space 87552K, 9% used [0x0000000081600000,0x0000000081e2a590,0x0000000086b80000)
 Metaspace       used 17198K, capacity 17664K, committed 17920K, reserved 1064960K
  class space    used 1833K, capacity 1968K, committed 2048K, reserved 1048576K
}
Event: 7.969 GC heap before
{Heap before GC invocations=19 (full 0):
 PSYoungGen      total 41472K, used 33588K [0x00000000d5d00000, 0x00000000d8e00000, 0x0000000100000000)
  eden space 32768K, 100% used [0x00000000d5d00000,0x00000000d7d00000,0x00000000d7d00000)
  from space 8704K, 9% used [0x00000000d8580000,0x00000000d864d018,0x00000000d8e00000)
  to   space 5120K, 0% used [0x00000000d7d80000,0x00000000d7d80000,0x00000000d8280000)
 ParOldGen       total 87552K, used 8361K [0x0000000081600000, 0x0000000086b80000, 0x00000000d5d00000)
  object space 87552K, 9% used [0x0000000081600000,0x0000000081e2a590,0x0000000086b80000)
 Metaspace       used 17214K, capacity 17672K, committed 17920K, reserved 1064960K
  class space    used 1833K, capacity 1968K, committed 2048K, reserved 1048576K
Event: 7.969 GC heap after
Heap after GC invocations=19 (full 0):
 PSYoungGen      total 37888K, used 244K [0x00000000d5d00000, 0x00000000d8e00000, 0x0000000100000000)
  eden space 32768K, 0% used [0x00000000d5d00000,0x00000000d5d00000,0x00000000d7d00000)
  from space 5120K, 4% used [0x00000000d7d80000,0x00000000d7dbd008,0x00000000d8280000)
  to   space 8704K, 0% used [0x00000000d8580000,0x00000000d8580000,0x00000000d8e00000)
 ParOldGen       total 87552K, used 8369K [0x0000000081600000, 0x0000000086b80000, 0x00000000d5d00000)
  object space 87552K, 9% used [0x0000000081600000,0x0000000081e2c590,0x0000000086b80000)
 Metaspace       used 17214K, capacity 17672K, committed 17920K, reserved 1064960K
  class space    used 1833K, capacity 1968K, committed 2048K, reserved 1048576K
}
Event: 8.165 GC heap before
{Heap before GC invocations=20 (full 0):
 PSYoungGen      total 37888K, used 33012K [0x00000000d5d00000, 0x00000000d8e00000, 0x0000000100000000)
  eden space 32768K, 100% used [0x00000000d5d00000,0x00000000d7d00000,0x00000000d7d00000)
  from space 5120K, 4% used [0x00000000d7d80000,0x00000000d7dbd008,0x00000000d8280000)
  to   space 8704K, 0% used [0x00000000d8580000,0x00000000d8580000,0x00000000d8e00000)
 ParOldGen       total 87552K, used 8369K [0x0000000081600000, 0x0000000086b80000, 0x00000000d5d00000)
  object space 87552K, 9% used [0x0000000081600000,0x0000000081e2c590,0x0000000086b80000)
 Metaspace       used 17259K, capacity 17736K, committed 17920K, reserved 1064960K
  class space    used 1833K, capacity 1968K, committed 2048K, reserved 1048576K
Event: 8.167 GC heap after
Heap after GC invocations=20 (full 0):
 PSYoungGen      total 43008K, used 532K [0x00000000d5d00000, 0x00000000d9800000, 0x0000000100000000)
  eden space 34304K, 0% used [0x00000000d5d00000,0x00000000d5d00000,0x00000000d7e80000)
  from space 8704K, 6% used [0x00000000d8580000,0x00000000d8605018,0x00000000d8e00000)
  to   space 7168K, 0% used [0x00000000d7e80000,0x00000000d7e80000,0x00000000d8580000)
 ParOldGen       total 87552K, used 8377K [0x0000000081600000, 0x0000000086b80000, 0x00000000d5d00000)
  object space 87552K, 9% used [0x0000000081600000,0x0000000081e2e590,0x0000000086b80000)
 Metaspace       used 17259K, capacity 17736K, committed 17920K, reserved 1064960K
  class space    used 1833K, capacity 1968K, committed 2048K, reserved 1048576K
}
Event: 8.327 GC heap before
{Heap before GC invocations=21 (full 0):
 PSYoungGen      total 43008K, used 34836K [0x00000000d5d00000, 0x00000000d9800000, 0x0000000100000000)
  eden space 34304K, 100% used [0x00000000d5d00000,0x00000000d7e80000,0x00000000d7e80000)
  from space 8704K, 6% used [0x00000000d8580000,0x00000000d8605018,0x00000000d8e00000)
  to   space 7168K, 0% used [0x00000000d7e80000,0x00000000d7e80000,0x00000000d8580000)
 ParOldGen       total 87552K, used 8377K [0x0000000081600000, 0x0000000086b80000, 0x00000000d5d00000)
  object space 87552K, 9% used [0x0000000081600000,0x0000000081e2e590,0x0000000086b80000)
 Metaspace       used 17260K, capacity 17736K, committed 17920K, reserved 1064960K
  class space    used 1833K, capacity 1968K, committed 2048K, reserved 1048576K
Event: 8.345 GC heap after
Heap after GC invocations=21 (full 0):
 PSYoungGen      total 41472K, used 660K [0x00000000d5d00000, 0x00000000d9800000, 0x0000000100000000)
  eden space 34304K, 0% used [0x00000000d5d00000,0x00000000d5d00000,0x00000000d7e80000)
  from space 7168K, 9% used [0x00000000d7e80000,0x00000000d7f25008,0x00000000d8580000)
  to   space 8704K, 0% used [0x00000000d8580000,0x00000000d8580000,0x00000000d8e00000)
 ParOldGen       total 87552K, used 8385K [0x0000000081600000, 0x0000000086b80000, 0x00000000d5d00000)
  object space 87552K, 9% used [0x0000000081600000,0x0000000081e30590,0x0000000086b80000)
 Metaspace       used 17260K, capacity 17736K, committed 17920K, reserved 1064960K
  class space    used 1833K, capacity 1968K, committed 2048K, reserved 1048576K
}
Event: 8.473 GC heap before
{Heap before GC invocations=22 (full 0):
 PSYoungGen      total 41472K, used 34964K [0x00000000d5d00000, 0x00000000d9800000, 0x0000000100000000)
  eden space 34304K, 100% used [0x00000000d5d00000,0x00000000d7e80000,0x00000000d7e80000)
  from space 7168K, 9% used [0x00000000d7e80000,0x00000000d7f25008,0x00000000d8580000)
  to   space 8704K, 0% used [0x00000000d8580000,0x00000000d8580000,0x00000000d8e00000)
 ParOldGen       total 87552K, used 8385K [0x0000000081600000, 0x0000000086b80000, 0x00000000d5d00000)
  object space 87552K, 9% used [0x0000000081600000,0x0000000081e30590,0x0000000086b80000)
 Metaspace       used 17260K, capacity 17736K, committed 17920K, reserved 1064960K
  class space    used 1833K, capacity 1968K, committed 2048K, reserved 1048576K
Event: 8.474 GC heap after
Heap after GC invocations=22 (full 0):
 PSYoungGen      total 44032K, used 468K [0x00000000d5d00000, 0x00000000d9800000, 0x0000000100000000)
  eden space 35328K, 0% used [0x00000000d5d00000,0x00000000d5d00000,0x00000000d7f80000)
  from space 8704K, 5% used [0x00000000d8580000,0x00000000d85f5008,0x00000000d8e00000)
  to   space 6144K, 0% used [0x00000000d7f80000,0x00000000d7f80000,0x00000000d8580000)
 ParOldGen       total 87552K, used 8393K [0x0000000081600000, 0x0000000086b80000, 0x00000000d5d00000)
  object space 87552K, 9% used [0x0000000081600000,0x0000000081e32590,0x0000000086b80000)
 Metaspace       used 17260K, capacity 17736K, committed 17920K, reserved 1064960K
  class space    used 1833K, capacity 1968K, committed 2048K, reserved 1048576K
}

